{"/Users/matteokinkela/Documents/tic-tac-toe/src/vite-env.d.ts": {"path":"/Users/matteokinkela/Documents/tic-tac-toe/src/vite-env.d.ts","statementMap":{},"fnMap":{},"branchMap":{},"s":{},"f":{},"b":{}}
,"/Users/matteokinkela/Documents/tic-tac-toe/src/components/ControlledInput.tsx": {"path":"/Users/matteokinkela/Documents/tic-tac-toe/src/components/ControlledInput.tsx","statementMap":{"0":{"start":{"line":1,"column":0},"end":{"line":1,"column":30}},"1":{"start":{"line":2,"column":0},"end":{"line":2,"column":78}},"2":{"start":{"line":13,"column":24},"end":{"line":46,"column":1}},"3":{"start":{"line":19,"column":18},"end":{"line":19,"column":25}},"4":{"start":{"line":21,"column":2},"end":{"line":45,"column":4}},"5":{"start":{"line":26,"column":8},"end":{"line":41,"column":null}},"6":{"start":{"line":48,"column":0},"end":{"line":48,"column":31}}},"fnMap":{"0":{"name":"(anonymous_0)","decl":{"start":{"line":13,"column":24},"end":{"line":13,"column":56}},"loc":{"start":{"line":18,"column":23},"end":{"line":46,"column":1}}},"1":{"name":"(anonymous_1)","decl":{"start":{"line":25,"column":14},"end":{"line":25,"column":15}},"loc":{"start":{"line":26,"column":8},"end":{"line":41,"column":null}}}},"branchMap":{"0":{"loc":{"start":{"line":15,"column":2},"end":{"line":15,"column":15}},"type":"default-arg","locations":[{"start":{"line":15,"column":9},"end":{"line":15,"column":15}}]}},"s":{"0":0,"1":0,"2":0,"3":0,"4":0,"5":0,"6":0},"f":{"0":0,"1":0},"b":{"0":[0]}}
,"/Users/matteokinkela/Documents/tic-tac-toe/src/components/IconButton.tsx": {"path":"/Users/matteokinkela/Documents/tic-tac-toe/src/components/IconButton.tsx","statementMap":{"0":{"start":{"line":10,"column":36},"end":{"line":21,"column":1}},"1":{"start":{"line":11,"column":2},"end":{"line":20,"column":4}},"2":{"start":{"line":23,"column":0},"end":{"line":23,"column":26}}},"fnMap":{"0":{"name":"(anonymous_0)","decl":{"start":{"line":10,"column":36},"end":{"line":10,"column":37}},"loc":{"start":{"line":10,"column":75},"end":{"line":21,"column":1}}}},"branchMap":{},"s":{"0":0,"1":0,"2":0},"f":{"0":0},"b":{}}
,"/Users/matteokinkela/Documents/tic-tac-toe/src/components/Menu.tsx": {"path":"/Users/matteokinkela/Documents/tic-tac-toe/src/components/Menu.tsx","statementMap":{"0":{"start":{"line":1,"column":0},"end":{"line":1,"column":40}},"1":{"start":{"line":2,"column":0},"end":{"line":2,"column":48}},"2":{"start":{"line":4,"column":23},"end":{"line":25,"column":null}},"3":{"start":{"line":5,"column":2},"end":{"line":24,"column":null}},"4":{"start":{"line":28,"column":0},"end":{"line":28,"column":20}}},"fnMap":{"0":{"name":"(anonymous_0)","decl":{"start":{"line":4,"column":23},"end":{"line":4,"column":26}},"loc":{"start":{"line":5,"column":2},"end":{"line":24,"column":null}}}},"branchMap":{},"s":{"0":0,"1":0,"2":0,"3":0,"4":0},"f":{"0":0},"b":{}}
,"/Users/matteokinkela/Documents/tic-tac-toe/src/components/Modal.tsx": {"path":"/Users/matteokinkela/Documents/tic-tac-toe/src/components/Modal.tsx","statementMap":{"0":{"start":{"line":1,"column":0},"end":{"line":1,"column":60}},"1":{"start":{"line":2,"column":0},"end":{"line":2,"column":41}},"2":{"start":{"line":3,"column":0},"end":{"line":3,"column":50}},"3":{"start":{"line":11,"column":13},"end":{"line":11,"column":42}},"4":{"start":{"line":13,"column":31},"end":{"line":49,"column":1}},"5":{"start":{"line":14,"column":53},"end":{"line":15,"column":null}},"6":{"start":{"line":18,"column":2},"end":{"line":33,"column":9}},"7":{"start":{"line":19,"column":45},"end":{"line":20,"column":null}},"8":{"start":{"line":22,"column":4},"end":{"line":24,"column":null}},"9":{"start":{"line":23,"column":6},"end":{"line":23,"column":73}},"10":{"start":{"line":26,"column":4},"end":{"line":26,"column":45}},"11":{"start":{"line":27,"column":4},"end":{"line":27,"column":44}},"12":{"start":{"line":29,"column":4},"end":{"line":32,"column":6}},"13":{"start":{"line":30,"column":6},"end":{"line":30,"column":45}},"14":{"start":{"line":31,"column":6},"end":{"line":31,"column":46}},"15":{"start":{"line":35,"column":2},"end":{"line":48,"column":4}},"16":{"start":{"line":51,"column":0},"end":{"line":51,"column":21}}},"fnMap":{"0":{"name":"(anonymous_0)","decl":{"start":{"line":13,"column":31},"end":{"line":13,"column":32}},"loc":{"start":{"line":13,"column":64},"end":{"line":49,"column":1}}},"1":{"name":"(anonymous_1)","decl":{"start":{"line":18,"column":12},"end":{"line":18,"column":15}},"loc":{"start":{"line":18,"column":17},"end":{"line":33,"column":3}}},"2":{"name":"(anonymous_2)","decl":{"start":{"line":29,"column":11},"end":{"line":29,"column":14}},"loc":{"start":{"line":29,"column":16},"end":{"line":32,"column":5}}}},"branchMap":{"0":{"loc":{"start":{"line":22,"column":4},"end":{"line":24,"column":null}},"type":"if","locations":[{"start":{"line":22,"column":4},"end":{"line":24,"column":null}}]}},"s":{"0":0,"1":0,"2":0,"3":0,"4":0,"5":0,"6":0,"7":0,"8":0,"9":0,"10":0,"11":0,"12":0,"13":0,"14":0,"15":0,"16":0},"f":{"0":0,"1":0,"2":0},"b":{"0":[0]}}
,"/Users/matteokinkela/Documents/tic-tac-toe/src/components/NoInternetConnection.tsx": {"path":"/Users/matteokinkela/Documents/tic-tac-toe/src/components/NoInternetConnection.tsx","statementMap":{"0":{"start":{"line":1,"column":0},"end":{"line":1,"column":44}},"1":{"start":{"line":7,"column":46},"end":{"line":36,"column":1}},"2":{"start":{"line":8,"column":32},"end":{"line":8,"column":46}},"3":{"start":{"line":10,"column":2},"end":{"line":12,"column":9}},"4":{"start":{"line":11,"column":4},"end":{"line":11,"column":32}},"5":{"start":{"line":14,"column":2},"end":{"line":16,"column":5}},"6":{"start":{"line":15,"column":4},"end":{"line":15,"column":20}},"7":{"start":{"line":18,"column":2},"end":{"line":20,"column":5}},"8":{"start":{"line":19,"column":4},"end":{"line":19,"column":21}},"9":{"start":{"line":22,"column":2},"end":{"line":35,"column":null}},"10":{"start":{"line":23,"column":4},"end":{"line":23,"column":20}},"11":{"start":{"line":25,"column":4},"end":{"line":34,"column":6}},"12":{"start":{"line":38,"column":0},"end":{"line":38,"column":36}}},"fnMap":{"0":{"name":"(anonymous_0)","decl":{"start":{"line":7,"column":46},"end":{"line":7,"column":47}},"loc":{"start":{"line":7,"column":63},"end":{"line":36,"column":1}}},"1":{"name":"(anonymous_1)","decl":{"start":{"line":10,"column":12},"end":{"line":10,"column":15}},"loc":{"start":{"line":10,"column":17},"end":{"line":12,"column":3}}},"2":{"name":"(anonymous_2)","decl":{"start":{"line":14,"column":36},"end":{"line":14,"column":39}},"loc":{"start":{"line":14,"column":41},"end":{"line":16,"column":3}}},"3":{"name":"(anonymous_3)","decl":{"start":{"line":18,"column":37},"end":{"line":18,"column":40}},"loc":{"start":{"line":18,"column":42},"end":{"line":20,"column":3}}}},"branchMap":{"0":{"loc":{"start":{"line":22,"column":2},"end":{"line":35,"column":null}},"type":"if","locations":[{"start":{"line":22,"column":2},"end":{"line":35,"column":null}},{"start":{"line":24,"column":9},"end":{"line":35,"column":null}}]}},"s":{"0":0,"1":0,"2":0,"3":0,"4":0,"5":0,"6":0,"7":0,"8":0,"9":0,"10":0,"11":0,"12":0},"f":{"0":0,"1":0,"2":0,"3":0},"b":{"0":[0,0]}}
,"/Users/matteokinkela/Documents/tic-tac-toe/src/components/Page.tsx": {"path":"/Users/matteokinkela/Documents/tic-tac-toe/src/components/Page.tsx","statementMap":{"0":{"start":{"line":2,"column":0},"end":{"line":2,"column":39}},"1":{"start":{"line":6,"column":30},"end":{"line":15,"column":1}},"2":{"start":{"line":7,"column":2},"end":{"line":14,"column":4}},"3":{"start":{"line":17,"column":0},"end":{"line":17,"column":20}}},"fnMap":{"0":{"name":"(anonymous_0)","decl":{"start":{"line":6,"column":30},"end":{"line":6,"column":31}},"loc":{"start":{"line":6,"column":47},"end":{"line":15,"column":1}}}},"branchMap":{},"s":{"0":0,"1":0,"2":0,"3":0},"f":{"0":0},"b":{}}
,"/Users/matteokinkela/Documents/tic-tac-toe/src/components/PlayerInfo.tsx": {"path":"/Users/matteokinkela/Documents/tic-tac-toe/src/components/PlayerInfo.tsx","statementMap":{"0":{"start":{"line":1,"column":0},"end":{"line":1,"column":56}},"1":{"start":{"line":2,"column":0},"end":{"line":2,"column":57}},"2":{"start":{"line":3,"column":0},"end":{"line":3,"column":74}},"3":{"start":{"line":4,"column":0},"end":{"line":4,"column":51}},"4":{"start":{"line":6,"column":0},"end":{"line":6,"column":67}},"5":{"start":{"line":7,"column":0},"end":{"line":7,"column":69}},"6":{"start":{"line":16,"column":36},"end":{"line":69,"column":1}},"7":{"start":{"line":22,"column":28},"end":{"line":22,"column":37}},"8":{"start":{"line":24,"column":18},"end":{"line":30,"column":3}},"9":{"start":{"line":25,"column":17},"end":{"line":25,"column":32}},"10":{"start":{"line":27,"column":4},"end":{"line":27,"column":43}},"11":{"start":{"line":27,"column":33},"end":{"line":27,"column":43}},"12":{"start":{"line":28,"column":4},"end":{"line":28,"column":69}},"13":{"start":{"line":28,"column":28},"end":{"line":28,"column":69}},"14":{"start":{"line":29,"column":4},"end":{"line":29,"column":46}},"15":{"start":{"line":32,"column":2},"end":{"line":68,"column":4}},"16":{"start":{"line":71,"column":0},"end":{"line":71,"column":26}}},"fnMap":{"0":{"name":"(anonymous_0)","decl":{"start":{"line":16,"column":36},"end":{"line":16,"column":37}},"loc":{"start":{"line":21,"column":5},"end":{"line":69,"column":1}}},"1":{"name":"(anonymous_1)","decl":{"start":{"line":24,"column":18},"end":{"line":24,"column":21}},"loc":{"start":{"line":24,"column":23},"end":{"line":30,"column":3}}}},"branchMap":{"0":{"loc":{"start":{"line":27,"column":4},"end":{"line":27,"column":43}},"type":"if","locations":[{"start":{"line":27,"column":4},"end":{"line":27,"column":43}}]},"1":{"loc":{"start":{"line":28,"column":4},"end":{"line":28,"column":69}},"type":"if","locations":[{"start":{"line":28,"column":4},"end":{"line":28,"column":69}}]},"2":{"loc":{"start":{"line":37,"column":11},"end":{"line":39,"column":17}},"type":"cond-expr","locations":[{"start":{"line":38,"column":14},"end":{"line":38,"column":26}},{"start":{"line":39,"column":14},"end":{"line":39,"column":17}}]},"3":{"loc":{"start":{"line":37,"column":11},"end":{"line":37,"column":77}},"type":"binary-expr","locations":[{"start":{"line":37,"column":11},"end":{"line":37,"column":41}},{"start":{"line":37,"column":45},"end":{"line":37,"column":77}}]},"4":{"loc":{"start":{"line":41,"column":9},"end":{"line":47,"column":null}},"type":"cond-expr","locations":[{"start":{"line":42,"column":10},"end":{"line":42,"column":39}},{"start":{"line":44,"column":10},"end":{"line":46,"column":null}}]},"5":{"loc":{"start":{"line":53,"column":11},"end":{"line":55,"column":17}},"type":"cond-expr","locations":[{"start":{"line":54,"column":14},"end":{"line":54,"column":26}},{"start":{"line":55,"column":14},"end":{"line":55,"column":17}}]},"6":{"loc":{"start":{"line":53,"column":11},"end":{"line":53,"column":78}},"type":"binary-expr","locations":[{"start":{"line":53,"column":11},"end":{"line":53,"column":42}},{"start":{"line":53,"column":46},"end":{"line":53,"column":78}}]},"7":{"loc":{"start":{"line":57,"column":9},"end":{"line":63,"column":null}},"type":"cond-expr","locations":[{"start":{"line":58,"column":10},"end":{"line":58,"column":39}},{"start":{"line":60,"column":10},"end":{"line":62,"column":null}}]},"8":{"loc":{"start":{"line":57,"column":9},"end":{"line":57,"column":53}},"type":"binary-expr","locations":[{"start":{"line":57,"column":9},"end":{"line":57,"column":18}},{"start":{"line":57,"column":22},"end":{"line":57,"column":53}}]}},"s":{"0":0,"1":0,"2":0,"3":0,"4":0,"5":0,"6":0,"7":0,"8":0,"9":0,"10":0,"11":0,"12":0,"13":0,"14":0,"15":0,"16":0},"f":{"0":0,"1":0},"b":{"0":[0],"1":[0],"2":[0,0],"3":[0,0],"4":[0,0],"5":[0,0],"6":[0,0],"7":[0,0],"8":[0,0]}}
,"/Users/matteokinkela/Documents/tic-tac-toe/src/components/RequireAuth.tsx": {"path":"/Users/matteokinkela/Documents/tic-tac-toe/src/components/RequireAuth.tsx","statementMap":{"0":{"start":{"line":2,"column":0},"end":{"line":2,"column":44}},"1":{"start":{"line":3,"column":0},"end":{"line":3,"column":51}},"2":{"start":{"line":4,"column":0},"end":{"line":4,"column":48}},"3":{"start":{"line":10,"column":37},"end":{"line":15,"column":1}},"4":{"start":{"line":11,"column":30},"end":{"line":11,"column":39}},"5":{"start":{"line":12,"column":2},"end":{"line":12,"column":41}},"6":{"start":{"line":12,"column":25},"end":{"line":12,"column":41}},"7":{"start":{"line":14,"column":2},"end":{"line":14,"column":43}},"8":{"start":{"line":17,"column":0},"end":{"line":17,"column":27}}},"fnMap":{"0":{"name":"(anonymous_0)","decl":{"start":{"line":10,"column":37},"end":{"line":10,"column":38}},"loc":{"start":{"line":10,"column":54},"end":{"line":15,"column":1}}}},"branchMap":{"0":{"loc":{"start":{"line":12,"column":2},"end":{"line":12,"column":41}},"type":"if","locations":[{"start":{"line":12,"column":2},"end":{"line":12,"column":41}}]}},"s":{"0":0,"1":0,"2":0,"3":0,"4":0,"5":0,"6":0,"7":0,"8":0},"f":{"0":0},"b":{"0":[0]}}
,"/Users/matteokinkela/Documents/tic-tac-toe/src/components/SelectableDropdown.tsx": {"path":"/Users/matteokinkela/Documents/tic-tac-toe/src/components/SelectableDropdown.tsx","statementMap":{"0":{"start":{"line":1,"column":0},"end":{"line":1,"column":56}},"1":{"start":{"line":2,"column":0},"end":{"line":2,"column":73}},"2":{"start":{"line":3,"column":0},"end":{"line":3,"column":49}},"3":{"start":{"line":18,"column":2},"end":{"line":18,"column":43}},"4":{"start":{"line":21,"column":44},"end":{"line":106,"column":1}},"5":{"start":{"line":22,"column":24},"end":{"line":24,"column":null}},"6":{"start":{"line":23,"column":10},"end":{"line":23,"column":67}},"7":{"start":{"line":23,"column":44},"end":{"line":23,"column":66}},"8":{"start":{"line":26,"column":2},"end":{"line":105,"column":4}},"9":{"start":{"line":30,"column":10},"end":{"line":100,"column":null}},"10":{"start":{"line":58,"column":20},"end":{"line":59,"column":null}},"11":{"start":{"line":61,"column":24},"end":{"line":63,"column":null}},"12":{"start":{"line":69,"column":24},"end":{"line":93,"column":null}},"13":{"start":{"line":108,"column":0},"end":{"line":108,"column":34}}},"fnMap":{"0":{"name":"classNames","decl":{"start":{"line":17,"column":9},"end":{"line":17,"column":19}},"loc":{"start":{"line":17,"column":40},"end":{"line":19,"column":1}}},"1":{"name":"(anonymous_1)","decl":{"start":{"line":21,"column":44},"end":{"line":21,"column":45}},"loc":{"start":{"line":21,"column":77},"end":{"line":106,"column":1}}},"2":{"name":"(anonymous_2)","decl":{"start":{"line":23,"column":4},"end":{"line":23,"column":7}},"loc":{"start":{"line":23,"column":10},"end":{"line":23,"column":67}}},"3":{"name":"(anonymous_3)","decl":{"start":{"line":23,"column":23},"end":{"line":23,"column":24}},"loc":{"start":{"line":23,"column":44},"end":{"line":23,"column":66}}},"4":{"name":"(anonymous_4)","decl":{"start":{"line":29,"column":9},"end":{"line":29,"column":10}},"loc":{"start":{"line":30,"column":10},"end":{"line":100,"column":null}}},"5":{"name":"(anonymous_5)","decl":{"start":{"line":57,"column":31},"end":{"line":57,"column":32}},"loc":{"start":{"line":58,"column":20},"end":{"line":59,"column":null}}},"6":{"name":"(anonymous_6)","decl":{"start":{"line":60,"column":33},"end":{"line":60,"column":34}},"loc":{"start":{"line":61,"column":24},"end":{"line":63,"column":null}}},"7":{"name":"(anonymous_7)","decl":{"start":{"line":68,"column":23},"end":{"line":68,"column":24}},"loc":{"start":{"line":69,"column":24},"end":{"line":93,"column":null}}}},"branchMap":{"0":{"loc":{"start":{"line":38,"column":21},"end":{"line":38,"column":50}},"type":"binary-expr","locations":[{"start":{"line":38,"column":21},"end":{"line":38,"column":41}},{"start":{"line":38,"column":45},"end":{"line":38,"column":50}}]},"1":{"loc":{"start":{"line":62,"column":26},"end":{"line":62,"column":79}},"type":"cond-expr","locations":[{"start":{"line":62,"column":35},"end":{"line":62,"column":61}},{"start":{"line":62,"column":64},"end":{"line":62,"column":79}}]},"2":{"loc":{"start":{"line":73,"column":32},"end":{"line":73,"column":74}},"type":"cond-expr","locations":[{"start":{"line":73,"column":43},"end":{"line":73,"column":58}},{"start":{"line":73,"column":61},"end":{"line":73,"column":74}}]},"3":{"loc":{"start":{"line":81,"column":27},"end":{"line":93,"column":34}},"type":"cond-expr","locations":[{"start":{"line":82,"column":28},"end":{"line":91,"column":null}},{"start":{"line":93,"column":30},"end":{"line":93,"column":34}}]},"4":{"loc":{"start":{"line":84,"column":32},"end":{"line":84,"column":73}},"type":"cond-expr","locations":[{"start":{"line":84,"column":41},"end":{"line":84,"column":53}},{"start":{"line":84,"column":56},"end":{"line":84,"column":73}}]}},"s":{"0":0,"1":0,"2":0,"3":0,"4":0,"5":0,"6":0,"7":0,"8":0,"9":0,"10":0,"11":0,"12":0,"13":0},"f":{"0":0,"1":0,"2":0,"3":0,"4":0,"5":0,"6":0,"7":0},"b":{"0":[0,0],"1":[0,0],"2":[0,0],"3":[0,0],"4":[0,0]}}
,"/Users/matteokinkela/Documents/tic-tac-toe/src/components/Board/Board.tsx": {"path":"/Users/matteokinkela/Documents/tic-tac-toe/src/components/Board/Board.tsx","statementMap":{"0":{"start":{"line":2,"column":0},"end":{"line":2,"column":49}},"1":{"start":{"line":3,"column":0},"end":{"line":3,"column":51}},"2":{"start":{"line":4,"column":0},"end":{"line":4,"column":40}},"3":{"start":{"line":10,"column":31},"end":{"line":36,"column":1}},"4":{"start":{"line":11,"column":60},"end":{"line":11,"column":69}},"5":{"start":{"line":12,"column":22},"end":{"line":12,"column":31}},"6":{"start":{"line":14,"column":20},"end":{"line":17,"column":3}},"7":{"start":{"line":15,"column":4},"end":{"line":15,"column":27}},"8":{"start":{"line":16,"column":4},"end":{"line":16,"column":26}},"9":{"start":{"line":19,"column":2},"end":{"line":35,"column":4}},"10":{"start":{"line":22,"column":8},"end":{"line":32,"column":10}},"11":{"start":{"line":23,"column":10},"end":{"line":24,"column":null}},"12":{"start":{"line":25,"column":27},"end":{"line":25,"column":50}},"13":{"start":{"line":38,"column":0},"end":{"line":38,"column":21}}},"fnMap":{"0":{"name":"(anonymous_0)","decl":{"start":{"line":10,"column":31},"end":{"line":10,"column":32}},"loc":{"start":{"line":10,"column":49},"end":{"line":36,"column":1}}},"1":{"name":"(anonymous_1)","decl":{"start":{"line":14,"column":20},"end":{"line":14,"column":21}},"loc":{"start":{"line":14,"column":53},"end":{"line":17,"column":3}}},"2":{"name":"(anonymous_2)","decl":{"start":{"line":21,"column":17},"end":{"line":21,"column":18}},"loc":{"start":{"line":22,"column":8},"end":{"line":32,"column":10}}},"3":{"name":"(anonymous_3)","decl":{"start":{"line":22,"column":16},"end":{"line":22,"column":17}},"loc":{"start":{"line":23,"column":10},"end":{"line":24,"column":null}}},"4":{"name":"(anonymous_4)","decl":{"start":{"line":25,"column":21},"end":{"line":25,"column":24}},"loc":{"start":{"line":25,"column":27},"end":{"line":25,"column":50}}}},"branchMap":{},"s":{"0":0,"1":0,"2":0,"3":0,"4":0,"5":0,"6":0,"7":0,"8":0,"9":0,"10":0,"11":0,"12":0,"13":0},"f":{"0":0,"1":0,"2":0,"3":0,"4":0},"b":{}}
,"/Users/matteokinkela/Documents/tic-tac-toe/src/components/Board/CircleIcon.tsx": {"path":"/Users/matteokinkela/Documents/tic-tac-toe/src/components/Board/CircleIcon.tsx","statementMap":{"0":{"start":{"line":5,"column":36},"end":{"line":23,"column":1}},"1":{"start":{"line":6,"column":2},"end":{"line":22,"column":4}},"2":{"start":{"line":25,"column":0},"end":{"line":25,"column":26}}},"fnMap":{"0":{"name":"(anonymous_0)","decl":{"start":{"line":5,"column":36},"end":{"line":5,"column":37}},"loc":{"start":{"line":5,"column":54},"end":{"line":23,"column":1}}}},"branchMap":{},"s":{"0":0,"1":0,"2":0},"f":{"0":0},"b":{}}
,"/Users/matteokinkela/Documents/tic-tac-toe/src/components/Board/Square.tsx": {"path":"/Users/matteokinkela/Documents/tic-tac-toe/src/components/Board/Square.tsx","statementMap":{"0":{"start":{"line":1,"column":0},"end":{"line":1,"column":62}},"1":{"start":{"line":3,"column":0},"end":{"line":3,"column":57}},"2":{"start":{"line":4,"column":0},"end":{"line":4,"column":74}},"3":{"start":{"line":5,"column":0},"end":{"line":5,"column":51}},"4":{"start":{"line":7,"column":0},"end":{"line":7,"column":null}},"5":{"start":{"line":21,"column":32},"end":{"line":58,"column":1}},"6":{"start":{"line":29,"column":21},"end":{"line":29,"column":30}},"7":{"start":{"line":30,"column":18},"end":{"line":36,"column":3}},"8":{"start":{"line":31,"column":4},"end":{"line":34,"column":67}},"9":{"start":{"line":32,"column":6},"end":{"line":32,"column":67}},"10":{"start":{"line":33,"column":9},"end":{"line":34,"column":67}},"11":{"start":{"line":34,"column":6},"end":{"line":34,"column":67}},"12":{"start":{"line":35,"column":4},"end":{"line":35,"column":14}},"13":{"start":{"line":38,"column":19},"end":{"line":47,"column":3}},"14":{"start":{"line":39,"column":4},"end":{"line":39,"column":31}},"15":{"start":{"line":39,"column":19},"end":{"line":39,"column":31}},"16":{"start":{"line":40,"column":4},"end":{"line":40,"column":49}},"17":{"start":{"line":40,"column":37},"end":{"line":40,"column":49}},"18":{"start":{"line":41,"column":4},"end":{"line":41,"column":45}},"19":{"start":{"line":41,"column":33},"end":{"line":41,"column":45}},"20":{"start":{"line":43,"column":4},"end":{"line":43,"column":60}},"21":{"start":{"line":43,"column":28},"end":{"line":43,"column":60}},"22":{"start":{"line":44,"column":4},"end":{"line":44,"column":61}},"23":{"start":{"line":44,"column":28},"end":{"line":44,"column":61}},"24":{"start":{"line":46,"column":4},"end":{"line":46,"column":16}},"25":{"start":{"line":49,"column":2},"end":{"line":57,"column":4}},"26":{"start":{"line":60,"column":0},"end":{"line":60,"column":22}}},"fnMap":{"0":{"name":"(anonymous_0)","decl":{"start":{"line":21,"column":32},"end":{"line":21,"column":33}},"loc":{"start":{"line":28,"column":5},"end":{"line":58,"column":1}}},"1":{"name":"(anonymous_1)","decl":{"start":{"line":30,"column":18},"end":{"line":30,"column":21}},"loc":{"start":{"line":30,"column":23},"end":{"line":36,"column":3}}},"2":{"name":"(anonymous_2)","decl":{"start":{"line":38,"column":19},"end":{"line":38,"column":22}},"loc":{"start":{"line":38,"column":24},"end":{"line":47,"column":3}}}},"branchMap":{"0":{"loc":{"start":{"line":31,"column":4},"end":{"line":34,"column":67}},"type":"if","locations":[{"start":{"line":31,"column":4},"end":{"line":34,"column":67}},{"start":{"line":33,"column":9},"end":{"line":34,"column":67}}]},"1":{"loc":{"start":{"line":33,"column":9},"end":{"line":34,"column":67}},"type":"if","locations":[{"start":{"line":33,"column":9},"end":{"line":34,"column":67}}]},"2":{"loc":{"start":{"line":39,"column":4},"end":{"line":39,"column":31}},"type":"if","locations":[{"start":{"line":39,"column":4},"end":{"line":39,"column":31}}]},"3":{"loc":{"start":{"line":40,"column":4},"end":{"line":40,"column":49}},"type":"if","locations":[{"start":{"line":40,"column":4},"end":{"line":40,"column":49}}]},"4":{"loc":{"start":{"line":41,"column":4},"end":{"line":41,"column":45}},"type":"if","locations":[{"start":{"line":41,"column":4},"end":{"line":41,"column":45}}]},"5":{"loc":{"start":{"line":43,"column":4},"end":{"line":43,"column":60}},"type":"if","locations":[{"start":{"line":43,"column":4},"end":{"line":43,"column":60}}]},"6":{"loc":{"start":{"line":44,"column":4},"end":{"line":44,"column":61}},"type":"if","locations":[{"start":{"line":44,"column":4},"end":{"line":44,"column":61}}]},"7":{"loc":{"start":{"line":55,"column":7},"end":{"line":55,"column":63}},"type":"cond-expr","locations":[{"start":{"line":55,"column":19},"end":{"line":55,"column":51}},{"start":{"line":55,"column":54},"end":{"line":55,"column":63}}]}},"s":{"0":0,"1":0,"2":0,"3":0,"4":0,"5":0,"6":0,"7":0,"8":0,"9":0,"10":0,"11":0,"12":0,"13":0,"14":0,"15":0,"16":0,"17":0,"18":0,"19":0,"20":0,"21":0,"22":0,"23":0,"24":0,"25":0,"26":0},"f":{"0":0,"1":0,"2":0},"b":{"0":[0,0],"1":[0],"2":[0],"3":[0],"4":[0],"5":[0],"6":[0],"7":[0,0]}}
,"/Users/matteokinkela/Documents/tic-tac-toe/src/components/Button/Button.tsx": {"path":"/Users/matteokinkela/Documents/tic-tac-toe/src/components/Button/Button.tsx","statementMap":{"0":{"start":{"line":9,"column":38},"end":{"line":19,"column":1}},"1":{"start":{"line":10,"column":2},"end":{"line":18,"column":4}},"2":{"start":{"line":21,"column":0},"end":{"line":21,"column":22}}},"fnMap":{"0":{"name":"(anonymous_0)","decl":{"start":{"line":9,"column":38},"end":{"line":9,"column":39}},"loc":{"start":{"line":9,"column":71},"end":{"line":19,"column":1}}}},"branchMap":{},"s":{"0":1,"1":4,"2":1},"f":{"0":4},"b":{}}
,"/Users/matteokinkela/Documents/tic-tac-toe/src/components/SkeletonLoader/SkeletonLoader.tsx": {"path":"/Users/matteokinkela/Documents/tic-tac-toe/src/components/SkeletonLoader/SkeletonLoader.tsx","statementMap":{"0":{"start":{"line":5,"column":40},"end":{"line":17,"column":1}},"1":{"start":{"line":6,"column":25},"end":{"line":10,"column":3}},"2":{"start":{"line":7,"column":4},"end":{"line":7,"column":58}},"3":{"start":{"line":7,"column":27},"end":{"line":7,"column":58}},"4":{"start":{"line":8,"column":4},"end":{"line":8,"column":49}},"5":{"start":{"line":8,"column":27},"end":{"line":8,"column":49}},"6":{"start":{"line":9,"column":4},"end":{"line":9,"column":27}},"7":{"start":{"line":12,"column":2},"end":{"line":16,"column":4}},"8":{"start":{"line":19,"column":0},"end":{"line":19,"column":30}}},"fnMap":{"0":{"name":"(anonymous_0)","decl":{"start":{"line":5,"column":40},"end":{"line":5,"column":41}},"loc":{"start":{"line":5,"column":64},"end":{"line":17,"column":1}}},"1":{"name":"(anonymous_1)","decl":{"start":{"line":6,"column":25},"end":{"line":6,"column":28}},"loc":{"start":{"line":6,"column":30},"end":{"line":10,"column":3}}}},"branchMap":{"0":{"loc":{"start":{"line":5,"column":43},"end":{"line":5,"column":58}},"type":"default-arg","locations":[{"start":{"line":5,"column":50},"end":{"line":5,"column":58}}]},"1":{"loc":{"start":{"line":7,"column":4},"end":{"line":7,"column":58}},"type":"if","locations":[{"start":{"line":7,"column":4},"end":{"line":7,"column":58}}]},"2":{"loc":{"start":{"line":8,"column":4},"end":{"line":8,"column":49}},"type":"if","locations":[{"start":{"line":8,"column":4},"end":{"line":8,"column":49}}]}},"s":{"0":1,"1":3,"2":3,"3":1,"4":2,"5":1,"6":1,"7":3,"8":1},"f":{"0":3,"1":3},"b":{"0":[0],"1":[1],"2":[1]}}
,"/Users/matteokinkela/Documents/tic-tac-toe/src/components/Table/Pagination.tsx": {"path":"/Users/matteokinkela/Documents/tic-tac-toe/src/components/Table/Pagination.tsx","statementMap":{"0":{"start":{"line":1,"column":0},"end":{"line":1,"column":78}},"1":{"start":{"line":10,"column":36},"end":{"line":40,"column":1}},"2":{"start":{"line":16,"column":2},"end":{"line":39,"column":4}},"3":{"start":{"line":42,"column":0},"end":{"line":42,"column":26}}},"fnMap":{"0":{"name":"(anonymous_0)","decl":{"start":{"line":10,"column":36},"end":{"line":10,"column":37}},"loc":{"start":{"line":15,"column":5},"end":{"line":40,"column":1}}}},"branchMap":{},"s":{"0":0,"1":0,"2":0,"3":0},"f":{"0":0},"b":{}}
,"/Users/matteokinkela/Documents/tic-tac-toe/src/components/Table/Table.tsx": {"path":"/Users/matteokinkela/Documents/tic-tac-toe/src/components/Table/Table.tsx","statementMap":{"0":{"start":{"line":1,"column":0},"end":{"line":1,"column":39}},"1":{"start":{"line":2,"column":0},"end":{"line":2,"column":57}},"2":{"start":{"line":4,"column":0},"end":{"line":4,"column":67}},"3":{"start":{"line":5,"column":0},"end":{"line":5,"column":56}},"4":{"start":{"line":7,"column":14},"end":{"line":96,"column":1}},"5":{"start":{"line":14,"column":4},"end":{"line":14,"column":31}},"6":{"start":{"line":16,"column":19},"end":{"line":22,"column":3}},"7":{"start":{"line":17,"column":4},"end":{"line":17,"column":34}},"8":{"start":{"line":17,"column":27},"end":{"line":17,"column":34}},"9":{"start":{"line":19,"column":24},"end":{"line":19,"column":62}},"10":{"start":{"line":21,"column":4},"end":{"line":21,"column":37}},"11":{"start":{"line":24,"column":19},"end":{"line":30,"column":3}},"12":{"start":{"line":25,"column":4},"end":{"line":25,"column":30}},"13":{"start":{"line":25,"column":23},"end":{"line":25,"column":30}},"14":{"start":{"line":27,"column":24},"end":{"line":27,"column":58}},"15":{"start":{"line":29,"column":4},"end":{"line":29,"column":37}},"16":{"start":{"line":32,"column":2},"end":{"line":95,"column":4}},"17":{"start":{"line":45,"column":16},"end":{"line":53,"column":null}},"18":{"start":{"line":47,"column":20},"end":{"line":51,"column":null}},"19":{"start":{"line":59,"column":16},"end":{"line":59,"column":32}},"20":{"start":{"line":60,"column":16},"end":{"line":77,"column":18}},"21":{"start":{"line":67,"column":22},"end":{"line":74,"column":24}},"22":{"start":{"line":98,"column":0},"end":{"line":98,"column":21}}},"fnMap":{"0":{"name":"(anonymous_0)","decl":{"start":{"line":7,"column":14},"end":{"line":7,"column":31}},"loc":{"start":{"line":12,"column":20},"end":{"line":96,"column":1}}},"1":{"name":"(anonymous_1)","decl":{"start":{"line":16,"column":19},"end":{"line":16,"column":22}},"loc":{"start":{"line":16,"column":24},"end":{"line":22,"column":3}}},"2":{"name":"(anonymous_2)","decl":{"start":{"line":24,"column":19},"end":{"line":24,"column":22}},"loc":{"start":{"line":24,"column":24},"end":{"line":30,"column":3}}},"3":{"name":"(anonymous_3)","decl":{"start":{"line":44,"column":32},"end":{"line":44,"column":33}},"loc":{"start":{"line":45,"column":16},"end":{"line":53,"column":null}}},"4":{"name":"(anonymous_4)","decl":{"start":{"line":46,"column":43},"end":{"line":46,"column":44}},"loc":{"start":{"line":47,"column":20},"end":{"line":51,"column":null}}},"5":{"name":"(anonymous_5)","decl":{"start":{"line":58,"column":24},"end":{"line":58,"column":25}},"loc":{"start":{"line":58,"column":32},"end":{"line":78,"column":15}}},"6":{"name":"(anonymous_6)","decl":{"start":{"line":66,"column":35},"end":{"line":66,"column":36}},"loc":{"start":{"line":66,"column":44},"end":{"line":75,"column":21}}}},"branchMap":{"0":{"loc":{"start":{"line":8,"column":2},"end":{"line":8,"column":14}},"type":"default-arg","locations":[{"start":{"line":8,"column":12},"end":{"line":8,"column":14}}]},"1":{"loc":{"start":{"line":9,"column":2},"end":{"line":9,"column":11}},"type":"default-arg","locations":[{"start":{"line":9,"column":9},"end":{"line":9,"column":11}}]},"2":{"loc":{"start":{"line":17,"column":4},"end":{"line":17,"column":34}},"type":"if","locations":[{"start":{"line":17,"column":4},"end":{"line":17,"column":34}}]},"3":{"loc":{"start":{"line":19,"column":47},"end":{"line":19,"column":61}},"type":"binary-expr","locations":[{"start":{"line":19,"column":47},"end":{"line":19,"column":55}},{"start":{"line":19,"column":59},"end":{"line":19,"column":61}}]},"4":{"loc":{"start":{"line":25,"column":4},"end":{"line":25,"column":30}},"type":"if","locations":[{"start":{"line":25,"column":4},"end":{"line":25,"column":30}}]},"5":{"loc":{"start":{"line":27,"column":47},"end":{"line":27,"column":57}},"type":"binary-expr","locations":[{"start":{"line":27,"column":47},"end":{"line":27,"column":51}},{"start":{"line":27,"column":55},"end":{"line":27,"column":57}}]}},"s":{"0":0,"1":0,"2":0,"3":0,"4":0,"5":0,"6":0,"7":0,"8":0,"9":0,"10":0,"11":0,"12":0,"13":0,"14":0,"15":0,"16":0,"17":0,"18":0,"19":0,"20":0,"21":0,"22":0},"f":{"0":0,"1":0,"2":0,"3":0,"4":0,"5":0,"6":0},"b":{"0":[0],"1":[0],"2":[0],"3":[0,0],"4":[0],"5":[0,0]}}
,"/Users/matteokinkela/Documents/tic-tac-toe/src/components/Table/cells/DateTimeCell.tsx": {"path":"/Users/matteokinkela/Documents/tic-tac-toe/src/components/Table/cells/DateTimeCell.tsx","statementMap":{"0":{"start":{"line":7,"column":38},"end":{"line":22,"column":1}},"1":{"start":{"line":8,"column":46},"end":{"line":16,"column":4}},"2":{"start":{"line":17,"column":32},"end":{"line":19,"column":null}},"3":{"start":{"line":21,"column":2},"end":{"line":21,"column":31}},"4":{"start":{"line":24,"column":0},"end":{"line":24,"column":28}}},"fnMap":{"0":{"name":"(anonymous_0)","decl":{"start":{"line":7,"column":38},"end":{"line":7,"column":39}},"loc":{"start":{"line":7,"column":52},"end":{"line":22,"column":1}}}},"branchMap":{},"s":{"0":0,"1":0,"2":0,"3":0,"4":0},"f":{"0":0},"b":{}}
,"/Users/matteokinkela/Documents/tic-tac-toe/src/components/Table/cells/GameActionsCell.tsx": {"path":"/Users/matteokinkela/Documents/tic-tac-toe/src/components/Table/cells/GameActionsCell.tsx","statementMap":{"0":{"start":{"line":2,"column":0},"end":{"line":2,"column":47}},"1":{"start":{"line":3,"column":0},"end":{"line":3,"column":67}},"2":{"start":{"line":4,"column":0},"end":{"line":4,"column":51}},"3":{"start":{"line":5,"column":0},"end":{"line":5,"column":48}},"4":{"start":{"line":6,"column":0},"end":{"line":6,"column":48}},"5":{"start":{"line":8,"column":0},"end":{"line":8,"column":67}},"6":{"start":{"line":15,"column":41},"end":{"line":56,"column":1}},"7":{"start":{"line":19,"column":19},"end":{"line":19,"column":32}},"8":{"start":{"line":20,"column":21},"end":{"line":20,"column":30}},"9":{"start":{"line":21,"column":23},"end":{"line":21,"column":38}},"10":{"start":{"line":23,"column":21},"end":{"line":27,"column":3}},"11":{"start":{"line":24,"column":4},"end":{"line":24,"column":21}},"12":{"start":{"line":25,"column":4},"end":{"line":25,"column":29}},"13":{"start":{"line":26,"column":4},"end":{"line":26,"column":41}},"14":{"start":{"line":29,"column":25},"end":{"line":53,"column":3}},"15":{"start":{"line":30,"column":4},"end":{"line":38,"column":8}},"16":{"start":{"line":35,"column":6},"end":{"line":38,"column":8}},"17":{"start":{"line":40,"column":4},"end":{"line":47,"column":8}},"18":{"start":{"line":44,"column":6},"end":{"line":47,"column":8}},"19":{"start":{"line":46,"column":23},"end":{"line":46,"column":59}},"20":{"start":{"line":49,"column":4},"end":{"line":52,"column":6}},"21":{"start":{"line":51,"column":21},"end":{"line":51,"column":57}},"22":{"start":{"line":55,"column":2},"end":{"line":55,"column":42}},"23":{"start":{"line":58,"column":0},"end":{"line":58,"column":31}}},"fnMap":{"0":{"name":"(anonymous_0)","decl":{"start":{"line":15,"column":41},"end":{"line":15,"column":42}},"loc":{"start":{"line":18,"column":5},"end":{"line":56,"column":1}}},"1":{"name":"(anonymous_1)","decl":{"start":{"line":23,"column":21},"end":{"line":23,"column":26}},"loc":{"start":{"line":23,"column":32},"end":{"line":27,"column":3}}},"2":{"name":"(anonymous_2)","decl":{"start":{"line":29,"column":25},"end":{"line":29,"column":41}},"loc":{"start":{"line":29,"column":43},"end":{"line":53,"column":3}}},"3":{"name":"(anonymous_3)","decl":{"start":{"line":46,"column":17},"end":{"line":46,"column":20}},"loc":{"start":{"line":46,"column":23},"end":{"line":46,"column":59}}},"4":{"name":"(anonymous_4)","decl":{"start":{"line":51,"column":15},"end":{"line":51,"column":18}},"loc":{"start":{"line":51,"column":21},"end":{"line":51,"column":57}}}},"branchMap":{"0":{"loc":{"start":{"line":30,"column":4},"end":{"line":38,"column":8}},"type":"if","locations":[{"start":{"line":30,"column":4},"end":{"line":38,"column":8}}]},"1":{"loc":{"start":{"line":31,"column":6},"end":{"line":33,"column":32}},"type":"binary-expr","locations":[{"start":{"line":31,"column":6},"end":{"line":31,"column":23}},{"start":{"line":32,"column":6},"end":{"line":32,"column":38}},{"start":{"line":33,"column":6},"end":{"line":33,"column":32}}]},"2":{"loc":{"start":{"line":40,"column":4},"end":{"line":47,"column":8}},"type":"if","locations":[{"start":{"line":40,"column":4},"end":{"line":47,"column":8}}]},"3":{"loc":{"start":{"line":41,"column":6},"end":{"line":42,"column":66}},"type":"binary-expr","locations":[{"start":{"line":41,"column":6},"end":{"line":41,"column":27}},{"start":{"line":42,"column":7},"end":{"line":42,"column":33}},{"start":{"line":42,"column":37},"end":{"line":42,"column":65}}]}},"s":{"0":0,"1":0,"2":0,"3":0,"4":0,"5":0,"6":0,"7":0,"8":0,"9":0,"10":0,"11":0,"12":0,"13":0,"14":0,"15":0,"16":0,"17":0,"18":0,"19":0,"20":0,"21":0,"22":0,"23":0},"f":{"0":0,"1":0,"2":0,"3":0,"4":0},"b":{"0":[0],"1":[0,0,0],"2":[0],"3":[0,0,0]}}
,"/Users/matteokinkela/Documents/tic-tac-toe/src/components/Table/cells/PlayerCell.tsx": {"path":"/Users/matteokinkela/Documents/tic-tac-toe/src/components/Table/cells/PlayerCell.tsx","statementMap":{"0":{"start":{"line":2,"column":0},"end":{"line":2,"column":46}},"1":{"start":{"line":3,"column":0},"end":{"line":3,"column":44}},"2":{"start":{"line":4,"column":0},"end":{"line":4,"column":67}},"3":{"start":{"line":11,"column":36},"end":{"line":16,"column":1}},"4":{"start":{"line":12,"column":15},"end":{"line":12,"column":60}},"5":{"start":{"line":14,"column":2},"end":{"line":14,"column":60}},"6":{"start":{"line":14,"column":50},"end":{"line":14,"column":60}},"7":{"start":{"line":15,"column":2},"end":{"line":15,"column":53}},"8":{"start":{"line":18,"column":0},"end":{"line":18,"column":26}}},"fnMap":{"0":{"name":"(anonymous_0)","decl":{"start":{"line":11,"column":36},"end":{"line":11,"column":37}},"loc":{"start":{"line":11,"column":57},"end":{"line":16,"column":1}}}},"branchMap":{"0":{"loc":{"start":{"line":12,"column":24},"end":{"line":12,"column":59}},"type":"binary-expr","locations":[{"start":{"line":12,"column":24},"end":{"line":12,"column":53}},{"start":{"line":12,"column":57},"end":{"line":12,"column":59}}]},"1":{"loc":{"start":{"line":14,"column":2},"end":{"line":14,"column":60}},"type":"if","locations":[{"start":{"line":14,"column":2},"end":{"line":14,"column":60}}]},"2":{"loc":{"start":{"line":14,"column":6},"end":{"line":14,"column":48}},"type":"binary-expr","locations":[{"start":{"line":14,"column":6},"end":{"line":14,"column":19}},{"start":{"line":14,"column":23},"end":{"line":14,"column":48}}]},"3":{"loc":{"start":{"line":15,"column":19},"end":{"line":15,"column":50}},"type":"cond-expr","locations":[{"start":{"line":15,"column":37},"end":{"line":15,"column":45}},{"start":{"line":15,"column":48},"end":{"line":15,"column":50}}]}},"s":{"0":0,"1":0,"2":0,"3":0,"4":0,"5":0,"6":0,"7":0,"8":0},"f":{"0":0},"b":{"0":[0,0],"1":[0],"2":[0,0],"3":[0,0]}}
,"/Users/matteokinkela/Documents/tic-tac-toe/src/components/Table/cells/WinRateCell.tsx": {"path":"/Users/matteokinkela/Documents/tic-tac-toe/src/components/Table/cells/WinRateCell.tsx","statementMap":{"0":{"start":{"line":7,"column":37},"end":{"line":9,"column":1}},"1":{"start":{"line":8,"column":2},"end":{"line":8,"column":41}},"2":{"start":{"line":11,"column":0},"end":{"line":11,"column":27}}},"fnMap":{"0":{"name":"(anonymous_0)","decl":{"start":{"line":7,"column":37},"end":{"line":7,"column":38}},"loc":{"start":{"line":7,"column":51},"end":{"line":9,"column":1}}}},"branchMap":{},"s":{"0":0,"1":0,"2":0},"f":{"0":0},"b":{}}
,"/Users/matteokinkela/Documents/tic-tac-toe/src/components/Table/cells/WinnerCell.tsx": {"path":"/Users/matteokinkela/Documents/tic-tac-toe/src/components/Table/cells/WinnerCell.tsx","statementMap":{"0":{"start":{"line":3,"column":0},"end":{"line":3,"column":47}},"1":{"start":{"line":10,"column":36},"end":{"line":15,"column":1}},"2":{"start":{"line":11,"column":2},"end":{"line":12,"column":63}},"3":{"start":{"line":12,"column":4},"end":{"line":12,"column":63}},"4":{"start":{"line":14,"column":2},"end":{"line":14,"column":12}},"5":{"start":{"line":17,"column":0},"end":{"line":17,"column":26}}},"fnMap":{"0":{"name":"(anonymous_0)","decl":{"start":{"line":10,"column":36},"end":{"line":10,"column":37}},"loc":{"start":{"line":10,"column":59},"end":{"line":15,"column":1}}}},"branchMap":{"0":{"loc":{"start":{"line":11,"column":2},"end":{"line":12,"column":63}},"type":"if","locations":[{"start":{"line":11,"column":2},"end":{"line":12,"column":63}}]},"1":{"loc":{"start":{"line":11,"column":6},"end":{"line":11,"column":59}},"type":"binary-expr","locations":[{"start":{"line":11,"column":6},"end":{"line":11,"column":27}},{"start":{"line":11,"column":31},"end":{"line":11,"column":59}}]}},"s":{"0":0,"1":0,"2":0,"3":0,"4":0,"5":0},"f":{"0":0},"b":{"0":[0],"1":[0,0]}}
}
